2024-07-25 17:03:23 INFO  TC1_AccountRegistrationTest:37 - Setup pswd
2024-07-25 17:03:23 INFO  TC1_AccountRegistrationTest:38 - Setup confirmed password
2024-07-25 17:03:23 INFO  TC1_AccountRegistrationTest:40 - checked the policy check box
2024-07-25 17:03:26 INFO  TC1_AccountRegistrationTest:42 - Clicked the continue button
2024-07-25 17:03:26 INFO  TC1_AccountRegistrationTest:49 - Verified the message"Your Account Has Been Created!"
2024-07-25 17:03:26 INFO  TC1_AccountRegistrationTest:65 - ********TC1_AccountRegistrationTest FINSIHED**********
2024-07-25 17:03:30 INFO  TC2_LoginTest:96 - BaseClass
2024-07-25 17:03:30 INFO  TC2_LoginTest:97 - FirefoxDriver: firefox on windows (b554daf6-4d49-4875-b031-1d1435304b97)
2024-07-25 17:03:32 INFO  TC2_LoginTest:19 - *****TC2_LoginTest  BEGINS******
2024-07-25 17:03:32 INFO  TC2_LoginTest:24 - Created Object of HomePage
2024-07-25 17:03:32 INFO  TC2_LoginTest:26 - My Account clicked on HomePage
2024-07-25 17:03:32 INFO  TC2_LoginTest:28 - Login clicked on HomePage
2024-07-25 17:03:32 INFO  TC2_LoginTest:29 - Home Page DONE!!
2024-07-25 17:03:32 INFO  TC2_LoginTest:31 - Starting the Login Page!
2024-07-25 17:03:34 INFO  TC2_LoginTest:37 - Setting the email form config file!
2024-07-25 17:03:34 INFO  TC2_LoginTest:39 - Setting the password form config file!
2024-07-25 17:03:35 INFO  TC2_LoginTest:41 - Login Button clicked!
2024-07-25 17:03:35 INFO  TC2_LoginTest:51 - My Account Page is displayed from the login Page!
2024-07-25 17:03:35 INFO  TC2_LoginTest:52 - *****TC2_LoginTest  FINISH******
2024-07-25 17:16:26 INFO  TC1_AccountRegistrationTest:96 - BaseClass
2024-07-25 17:16:26 INFO  TC1_AccountRegistrationTest:97 - ChromeDriver: chrome on windows (05e3f100a83bd5f0759d044acb6e92dc)
2024-07-25 17:16:26 INFO  TC1_AccountRegistrationTest:13 - ********TC1_AccountRegistrationTest STARTED**********
2024-07-25 17:16:26 INFO  TC1_AccountRegistrationTest:19 - HomePage Loaded
2024-07-25 17:16:30 INFO  TC1_AccountRegistrationTest:24 - Clicked on Register Link
