2024-07-25 17:02:06 INFO  TC2_LoginTest:37 - Setting the email form config file!
2024-07-25 17:02:06 INFO  TC2_LoginTest:39 - Setting the password form config file!
2024-07-25 17:02:06 INFO  TC2_LoginTest:41 - Login Button clicked!
2024-07-25 17:02:06 INFO  TC2_LoginTest:51 - My Account Page is displayed from the login Page!
2024-07-25 17:02:06 INFO  TC2_LoginTest:52 - *****TC2_LoginTest  FINISH******
2024-07-25 17:03:10 INFO  TC1_AccountRegistrationTest:96 - BaseClass
2024-07-25 17:03:10 INFO  TC1_AccountRegistrationTest:97 - ChromeDriver: chrome on windows (cf44571cfa97f560479cf9888c9a2e74)
2024-07-25 17:03:12 INFO  TC1_AccountRegistrationTest:96 - BaseClass
2024-07-25 17:03:12 INFO  TC1_AccountRegistrationTest:97 - EdgeDriver: MicrosoftEdge on windows (2f4975f305132224bc0835c147d616f3)
2024-07-25 17:03:13 INFO  TC1_AccountRegistrationTest:13 - ********TC1_AccountRegistrationTest STARTED**********
2024-07-25 17:03:13 INFO  TC1_AccountRegistrationTest:13 - ********TC1_AccountRegistrationTest STARTED**********
2024-07-25 17:03:13 INFO  TC1_AccountRegistrationTest:19 - HomePage Loaded
2024-07-25 17:03:13 INFO  TC1_AccountRegistrationTest:19 - HomePage Loaded
2024-07-25 17:03:15 INFO  TC1_AccountRegistrationTest:96 - BaseClass
2024-07-25 17:03:15 INFO  TC1_AccountRegistrationTest:97 - FirefoxDriver: firefox on windows (60f15bf9-be91-4929-8e41-a8dffa3f43c1)
2024-07-25 17:03:16 INFO  TC1_AccountRegistrationTest:13 - ********TC1_AccountRegistrationTest STARTED**********
2024-07-25 17:03:16 INFO  TC1_AccountRegistrationTest:19 - HomePage Loaded
2024-07-25 17:03:20 INFO  TC1_AccountRegistrationTest:24 - Clicked on Register Link
2024-07-25 17:03:23 INFO  TC1_AccountRegistrationTest:28 - Filled in first name
2024-07-25 17:03:23 INFO  TC1_AccountRegistrationTest:30 - Filled in Last Name
2024-07-25 17:03:23 INFO  TC1_AccountRegistrationTest:32 - Setup email
2024-07-25 17:03:23 INFO  TC1_AccountRegistrationTest:34 - Setup telephone
2024-07-25 17:03:23 INFO  TC1_AccountRegistrationTest:36 - Setup password
