2024-07-25 17:16:33 INFO  TC1_AccountRegistrationTest:28 - Filled in first name
2024-07-25 17:16:33 INFO  TC1_AccountRegistrationTest:30 - Filled in Last Name
2024-07-25 17:16:33 INFO  TC1_AccountRegistrationTest:32 - Setup email
2024-07-25 17:16:33 INFO  TC1_AccountRegistrationTest:34 - Setup telephone
2024-07-25 17:16:33 INFO  TC1_AccountRegistrationTest:36 - Setup password
2024-07-25 17:16:33 INFO  TC1_AccountRegistrationTest:37 - Setup pswd
2024-07-25 17:16:33 INFO  TC1_AccountRegistrationTest:38 - Setup confirmed password
2024-07-25 17:16:33 INFO  TC1_AccountRegistrationTest:40 - checked the policy check box
2024-07-25 17:16:36 INFO  TC1_AccountRegistrationTest:42 - Clicked the continue button
2024-07-25 17:16:36 INFO  TC1_AccountRegistrationTest:49 - Verified the message"Your Account Has Been Created!"
2024-07-25 17:16:36 INFO  TC1_AccountRegistrationTest:65 - ********TC1_AccountRegistrationTest FINSIHED**********
2024-07-25 17:16:37 INFO  TC2_LoginTest:96 - BaseClass
2024-07-25 17:16:37 INFO  TC2_LoginTest:97 - ChromeDriver: chrome on windows (c8f31453fbf39e9ead0e49469e94afdd)
2024-07-25 17:16:37 INFO  TC2_LoginTest:19 - *****TC2_LoginTest  BEGINS******
2024-07-25 17:16:37 INFO  TC2_LoginTest:24 - Created Object of HomePage
2024-07-25 17:16:37 INFO  TC2_LoginTest:26 - My Account clicked on HomePage
2024-07-25 17:16:37 INFO  TC2_LoginTest:28 - Login clicked on HomePage
2024-07-25 17:16:37 INFO  TC2_LoginTest:29 - Home Page DONE!!
2024-07-25 17:16:37 INFO  TC2_LoginTest:31 - Starting the Login Page!
2024-07-25 17:16:40 INFO  TC2_LoginTest:37 - Setting the email form config file!
2024-07-25 17:16:40 INFO  TC2_LoginTest:39 - Setting the password form config file!
2024-07-25 17:16:40 INFO  TC2_LoginTest:41 - Login Button clicked!
2024-07-25 17:16:40 INFO  TC2_LoginTest:51 - My Account Page is displayed from the login Page!
2024-07-25 17:16:40 INFO  TC2_LoginTest:52 - *****TC2_LoginTest  FINISH******
2024-07-25 17:17:08 INFO  TC1_AccountRegistrationTest:96 - BaseClass
